#
# There is insufficient memory for the Java Runtime Environment to continue.
# Native memory allocation (mmap) failed to map 174063616 bytes for committing reserved memory.
# Possible reasons:
#   The system is out of physical RAM or swap space
#   The process is running with CompressedOops enabled, and the Java Heap may be blocking the growth of the native heap
# Possible solutions:
#   Reduce memory load on the system
#   Increase physical memory or swap space
#   Check if swap backing store is full
#   Decrease Java heap size (-Xmx/-Xms)
#   Decrease number of Java threads
#   Decrease Java thread stack sizes (-Xss)
#   Set larger code cache with -XX:ReservedCodeCacheSize=
#   JVM is running with Unscaled Compressed Oops mode in which the Java heap is
#     placed in the first 4GB address space. The Java Heap base address is the
#     maximum limit for the native heap growth. Please use -XX:HeapBaseMinAddress
#     to set the Java Heap base and to place the Java Heap above 4GB virtual address.
# This output file may be truncated or incomplete.
#
#  Out of Memory Error (os_linux.cpp:2756), pid=6144, tid=0x00007f49eea18700
#
# JRE version: OpenJDK Runtime Environment (8.0_212-b03) (build 1.8.0_212-8u212-b03-0ubuntu1.18.04.1-b03)
# Java VM: OpenJDK 64-Bit Server VM (25.212-b03 mixed mode linux-amd64 compressed oops)
# Failed to write core dump. Core dumps have been disabled. To enable core dumping, try "ulimit -c unlimited" before starting Java again
#

---------------  T H R E A D  ---------------

Current thread (0x00007f4a00075000):  VMThread [stack: 0x00007f49ee919000,0x00007f49eea19000] [id=6160]

Stack: [0x00007f49ee919000,0x00007f49eea19000],  sp=0x00007f49eea17460,  free space=1017k
Native frames: (J=compiled Java code, j=interpreted, Vv=VM code, C=native code)
V  [libjvm.so+0xab46a2]
V  [libjvm.so+0x4db6b7]
V  [libjvm.so+0x8ef7b0]
V  [libjvm.so+0x8e68ce]
V  [libjvm.so+0x96a406]
V  [libjvm.so+0x95905a]
V  [libjvm.so+0x959228]
V  [libjvm.so+0x959e30]
V  [libjvm.so+0x9601dc]
V  [libjvm.so+0x9682d5]
V  [libjvm.so+0x916928]
V  [libjvm.so+0xab6372]
V  [libjvm.so+0xabaea6]
V  [libjvm.so+0xab91e5]
V  [libjvm.so+0xab9abd]
V  [libjvm.so+0xab9e97]
V  [libjvm.so+0x8ecb42]

VM_Operation (0x00007f4a08f987b0): ParallelGCFailedAllocation, mode: safepoint, requested by thread 0x00007f4a0000b800


---------------  P R O C E S S  ---------------

Java Threads: ( => current thread )
  0x00007f4a000bd000 JavaThread "Service Thread" daemon [_thread_blocked, id=6178, stack(0x00007f49ee004000,0x00007f49ee105000)]
  0x00007f4a000ba000 JavaThread "C1 CompilerThread1" daemon [_thread_blocked, id=6177, stack(0x00007f49ee106000,0x00007f49ee206000)]
  0x00007f4a000b7800 JavaThread "C2 CompilerThread0" daemon [_thread_blocked, id=6176, stack(0x00007f49ee207000,0x00007f49ee307000)]
  0x00007f4a000b6000 JavaThread "Signal Dispatcher" daemon [_thread_blocked, id=6175, stack(0x00007f49ee307000,0x00007f49ee408000)]
  0x00007f4a00081000 JavaThread "Finalizer" daemon [_thread_blocked, id=6174, stack(0x00007f49ee716000,0x00007f49ee817000)]
  0x00007f4a0007e800 JavaThread "Reference Handler" daemon [_thread_blocked, id=6164, stack(0x00007f49ee817000,0x00007f49ee918000)]
  0x00007f4a0000b800 JavaThread "main" [_thread_blocked, id=6146, stack(0x00007f4a08e9a000,0x00007f4a08f9a000)]

Other Threads:
=>0x00007f4a00075000 VMThread [stack: 0x00007f49ee919000,0x00007f49eea19000] [id=6160]
  0x00007f4a000bf800 WatcherThread [stack: 0x00007f49edf04000,0x00007f49ee004000] [id=6179]

VM state:at safepoint (normal execution)

VM Mutex/Monitor currently owned by a thread:  ([mutex/lock_event])
[0x00007f4a00007570] ExpandHeap_lock - owner thread: 0x00007f4a00075000
[0x00007f4a00007bf0] Threads_lock - owner thread: 0x00007f4a00075000
[0x00007f4a000080f0] Heap_lock - owner thread: 0x00007f4a0000b800

heap address: 0x00000000c2400000, size: 988 MB, Compressed Oops mode: 32-bit
Narrow klass base: 0x0000000000000000, Narrow klass shift: 3
Compressed class space size: 1073741824 Address: 0x0000000100000000

Heap:
 PSYoungGen      total 188416K, used 0K [0x00000000eb700000, 0x00000000fe100000, 0x0000000100000000)
  eden space 80896K, 0% used [0x00000000eb700000,0x00000000eb700000,0x00000000f0600000)
  from space 107520K, 0% used [0x00000000f7800000,0x00000000f7800000,0x00000000fe100000)
  to   space 112128K, 0% used [0x00000000f0600000,0x00000000f0600000,0x00000000f7380000)
 ParOldGen       total 411136K, used 409771K [0x00000000c2400000, 0x00000000db580000, 0x00000000eb700000)
  object space 411136K, 99% used [0x00000000c2400000,0x00000000db42ac20,0x00000000db580000)
 Metaspace       used 2561K, capacity 4490K, committed 4864K, reserved 1056768K
  class space    used 268K, capacity 386K, committed 512K, reserved 1048576K

Card table byte_map: [0x00007f4a05241000,0x00007f4a05430000] byte_map_base: 0x00007f4a04c2f000

Marking Bits: (ParMarkBitMap*) 0x00007f4a0812e3c0
 Begin Bits: [0x00007f49ef120000, 0x00007f49f0090000)
 End Bits:   [0x00007f49f0090000, 0x00007f49f1000000)

Polling page: 0x00007f4a08faf000

CodeCache: size=245760Kb used=1110Kb max_used=1114Kb free=244649Kb
 bounds [0x00007f49f1000000, 0x00007f49f1270000, 0x00007f4a00000000]
 total_blobs=257 nmethods=24 adapters=149
 compilation: enabled

Compilation events (10 events):
Event: 0.204 Thread 0x00007f4a000b7800   20       4       java.util.ArrayList::add (29 bytes)
Event: 0.206 Thread 0x00007f4a000b7800 nmethod 20 0x00007f49f11149d0 code [0x00007f49f1114b40, 0x00007f49f1114cc8]
Event: 0.206 Thread 0x00007f4a000b7800   21       4       com.visa.training.stack.Circle::<init> (10 bytes)
Event: 0.206 Thread 0x00007f4a000b7800 nmethod 21 0x00007f49f1114e90 code [0x00007f49f1114fe0, 0x00007f49f1115038]
Event: 0.212 Thread 0x00007f4a000ba000   22 %     3       com.visa.training.stack.CollectionsDemo::listsDemo @ 15 (68 bytes)
Event: 0.213 Thread 0x00007f4a000ba000 nmethod 22% 0x00007f49f1113550 code [0x00007f49f11137e0, 0x00007f49f11143f8]
Event: 0.213 Thread 0x00007f4a000ba000   23       3       com.visa.training.stack.CollectionsDemo::listsDemo (68 bytes)
Event: 0.214 Thread 0x00007f4a000ba000 nmethod 23 0x00007f49f1115090 code [0x00007f49f1115340, 0x00007f49f1116228]
Event: 0.215 Thread 0x00007f4a000b7800   24 %     4       com.visa.training.stack.CollectionsDemo::listsDemo @ 15 (68 bytes)
Event: 0.218 Thread 0x00007f4a000b7800 nmethod 24% 0x00007f49f1111e90 code [0x00007f49f1112040, 0x00007f49f1112328]

GC Heap History (10 events):
Event: 4.194 GC heap after
Heap after GC invocations=10 (full 3):
 PSYoungGen      total 124928K, used 70135K [0x00000000eb700000, 0x00000000fb980000, 0x0000000100000000)
  eden space 54784K, 0% used [0x00000000eb700000,0x00000000eb700000,0x00000000eec80000)
  from space 70144K, 99% used [0x00000000eec80000,0x00000000f30fdc60,0x00000000f3100000)
  to   space 91136K, 0% used [0x00000000f6080000,0x00000000f6080000,0x00000000fb980000)
 ParOldGen       total 220672K, used 133071K [0x00000000c2400000, 0x00000000cfb80000, 0x00000000eb700000)
  object space 220672K, 60% used [0x00000000c2400000,0x00000000ca5f3df0,0x00000000cfb80000)
 Metaspace       used 2561K, capacity 4490K, committed 4864K, reserved 1056768K
  class space    used 268K, capacity 386K, committed 512K, reserved 1048576K
}
Event: 4.223 GC heap before
{Heap before GC invocations=11 (full 3):
 PSYoungGen      total 124928K, used 124919K [0x00000000eb700000, 0x00000000fb980000, 0x0000000100000000)
  eden space 54784K, 100% used [0x00000000eb700000,0x00000000eec80000,0x00000000eec80000)
  from space 70144K, 99% used [0x00000000eec80000,0x00000000f30fdc60,0x00000000f3100000)
  to   space 91136K, 0% used [0x00000000f6080000,0x00000000f6080000,0x00000000fb980000)
 ParOldGen       total 220672K, used 133071K [0x00000000c2400000, 0x00000000cfb80000, 0x00000000eb700000)
  object space 220672K, 60% used [0x00000000c2400000,0x00000000ca5f3df0,0x00000000cfb80000)
 Metaspace       used 2561K, capacity 4490K, committed 4864K, reserved 1056768K
  class space    used 268K, capacity 386K, committed 512K, reserved 1048576K
Event: 4.675 GC heap after
Heap after GC invocations=11 (full 3):
 PSYoungGen      total 152576K, used 91127K [0x00000000eb700000, 0x00000000fe880000, 0x0000000100000000)
  eden space 61440K, 0% used [0x00000000eb700000,0x00000000eb700000,0x00000000ef300000)
  from space 91136K, 99% used [0x00000000f6080000,0x00000000fb97dc60,0x00000000fb980000)
  to   space 112128K, 0% used [0x00000000ef300000,0x00000000ef300000,0x00000000f6080000)
 ParOldGen       total 220672K, used 167023K [0x00000000c2400000, 0x00000000cfb80000, 0x00000000eb700000)
  object space 220672K, 75% used [0x00000000c2400000,0x00000000cc71bdf0,0x00000000cfb80000)
 Metaspace       used 2561K, capacity 4490K, committed 4864K, reserved 1056768K
  class space    used 268K, capacity 386K, committed 512K, reserved 1048576K
}
Event: 4.872 GC heap before
{Heap before GC invocations=12 (full 3):
 PSYoungGen      total 152576K, used 152567K [0x00000000eb700000, 0x00000000fe880000, 0x0000000100000000)
  eden space 61440K, 100% used [0x00000000eb700000,0x00000000ef300000,0x00000000ef300000)
  from space 91136K, 99% used [0x00000000f6080000,0x00000000fb97dc60,0x00000000fb980000)
  to   space 112128K, 0% used [0x00000000ef300000,0x00000000ef300000,0x00000000f6080000)
 ParOldGen       total 274944K, used 221106K [0x00000000c2400000, 0x00000000d3080000, 0x00000000eb700000)
  object space 274944K, 80% used [0x00000000c2400000,0x00000000cfbec878,0x00000000d3080000)
 Metaspace       used 2561K, capacity 4490K, committed 4864K, reserved 1056768K
  class space    used 268K, capacity 386K, committed 512K, reserved 1048576K
Event: 5.553 GC heap after
Heap after GC invocations=12 (full 3):
 PSYoungGen      total 173568K, used 112128K [0x00000000eb700000, 0x00000000fe580000, 0x0000000100000000)
  eden space 61440K, 0% used [0x00000000eb700000,0x00000000eb700000,0x00000000ef300000)
  from space 112128K, 100% used [0x00000000ef300000,0x00000000f6080000,0x00000000f6080000)
  to   space 112128K, 0% used [0x00000000f7800000,0x00000000f7800000,0x00000000fe580000)
 ParOldGen       total 274944K, used 225578K [0x00000000c2400000, 0x00000000d3080000, 0x00000000eb700000)
  object space 274944K, 82% used [0x00000000c2400000,0x00000000d004a878,0x00000000d3080000)
 Metaspace       used 2561K, capacity 4490K, committed 4864K, reserved 1056768K
  class space    used 268K, capacity 386K, committed 512K, reserved 1048576K
}
Event: 5.554 GC heap before
{Heap before GC invocations=13 (full 4):
 PSYoungGen      total 173568K, used 112128K [0x00000000eb700000, 0x00000000fe580000, 0x0000000100000000)
  eden space 61440K, 0% used [0x00000000eb700000,0x00000000eb700000,0x00000000ef300000)
  from space 112128K, 100% used [0x00000000ef300000,0x00000000f6080000,0x00000000f6080000)
  to   space 112128K, 0% used [0x00000000f7800000,0x00000000f7800000,0x00000000fe580000)
 ParOldGen       total 274944K, used 225578K [0x00000000c2400000, 0x00000000d3080000, 0x00000000eb700000)
  object space 274944K, 82% used [0x00000000c2400000,0x00000000d004a878,0x00000000d3080000)
 Metaspace       used 2561K, capacity 4490K, committed 4864K, reserved 1056768K
  class space    used 268K, capacity 386K, committed 512K, reserved 1048576K
Event: 9.674 GC heap after
Heap after GC invocations=13 (full 4):
 PSYoungGen      total 173568K, used 46546K [0x00000000eb700000, 0x00000000fe580000, 0x0000000100000000)
  eden space 61440K, 0% used [0x00000000eb700000,0x00000000eb700000,0x00000000ef300000)
  from space 112128K, 41% used [0x00000000ef300000,0x00000000f2074a00,0x00000000f6080000)
  to   space 112128K, 0% used [0x00000000f7800000,0x00000000f7800000,0x00000000fe580000)
 ParOldGen       total 411136K, used 274744K [0x00000000c2400000, 0x00000000db580000, 0x00000000eb700000)
  object space 411136K, 66% used [0x00000000c2400000,0x00000000d304e010,0x00000000db580000)
 Metaspace       used 2561K, capacity 4490K, committed 4864K, reserved 1056768K
  class space    used 268K, capacity 386K, committed 512K, reserved 1048576K
}
Event: 9.831 GC heap before
{Heap before GC invocations=14 (full 4):
 PSYoungGen      total 173568K, used 107986K [0x00000000eb700000, 0x00000000fe580000, 0x0000000100000000)
  eden space 61440K, 100% used [0x00000000eb700000,0x00000000ef300000,0x00000000ef300000)
  from space 112128K, 41% used [0x00000000ef300000,0x00000000f2074a00,0x00000000f6080000)
  to   space 112128K, 0% used [0x00000000f7800000,0x00000000f7800000,0x00000000fe580000)
 ParOldGen       total 411136K, used 355867K [0x00000000c2400000, 0x00000000db580000, 0x00000000eb700000)
  object space 411136K, 86% used [0x00000000c2400000,0x00000000d7f86fd8,0x00000000db580000)
 Metaspace       used 2561K, capacity 4490K, committed 4864K, reserved 1056768K
  class space    used 268K, capacity 386K, committed 512K, reserved 1048576K
Event: 10.406 GC heap after
Heap after GC invocations=14 (full 4):
 PSYoungGen      total 188416K, used 67872K [0x00000000eb700000, 0x00000000fe100000, 0x0000000100000000)
  eden space 80896K, 0% used [0x00000000eb700000,0x00000000eb700000,0x00000000f0600000)
  from space 107520K, 63% used [0x00000000f7800000,0x00000000fba48000,0x00000000fe100000)
  to   space 112128K, 0% used [0x00000000f0600000,0x00000000f0600000,0x00000000f7380000)
 ParOldGen       total 411136K, used 396227K [0x00000000c2400000, 0x00000000db580000, 0x00000000eb700000)
  object space 411136K, 96% used [0x00000000c2400000,0x00000000da6f0fd8,0x00000000db580000)
 Metaspace       used 2561K, capacity 4490K, committed 4864K, reserved 1056768K
  class space    used 268K, capacity 386K, committed 512K, reserved 1048576K
}
Event: 10.406 GC heap before
{Heap before GC invocations=15 (full 5):
 PSYoungGen      total 188416K, used 67872K [0x00000000eb700000, 0x00000000fe100000, 0x0000000100000000)
  eden space 80896K, 0% used [0x00000000eb700000,0x00000000eb700000,0x00000000f0600000)
  from space 107520K, 63% used [0x00000000f7800000,0x00000000fba48000,0x00000000fe100000)
  to   space 112128K, 0% used [0x00000000f0600000,0x00000000f0600000,0x00000000f7380000)
 ParOldGen       total 411136K, used 396227K [0x00000000c2400000, 0x00000000db580000, 0x00000000eb700000)
  object space 411136K, 96% used [0x00000000c2400000,0x00000000da6f0fd8,0x00000000db580000)
 Metaspace       used 2561K, capacity 4490K, committed 4864K, reserved 1056768K
  class space    used 268K, capacity 386K, committed 512K, reserved 1048576K

Deoptimization events (0 events):
No events

Classes redefined (0 events):
No events

Internal exceptions (5 events):
Event: 0.132 Thread 0x00007f4a0000b800 Exception <a 'java/lang/NoSuchMethodError': Method sun.misc.Unsafe.defineClass(Ljava/lang/String;[BII)Ljava/lang/Class; name or signature does not match> (0x00000000eb707cb0) thrown at [/build/openjdk-8-fPix8r/openjdk-8-8u212-b03/src/hotspot/src/share/vm/
Event: 0.132 Thread 0x00007f4a0000b800 Exception <a 'java/lang/NoSuchMethodError': Method sun.misc.Unsafe.prefetchRead(Ljava/lang/Object;J)V name or signature does not match> (0x00000000eb707f98) thrown at [/build/openjdk-8-fPix8r/openjdk-8-8u212-b03/src/hotspot/src/share/vm/prims/jni.cpp, lin
Event: 0.195 Thread 0x00007f4a0000b800 Exception <a 'java/util/zip/ZipException'> (0x00000000eb7514f8) thrown at [/build/openjdk-8-fPix8r/openjdk-8-8u212-b03/src/hotspot/src/share/vm/prims/jni.cpp, line 710]
Event: 0.195 Thread 0x00007f4a0000b800 Exception <a 'java/security/PrivilegedActionException'> (0x00000000eb751798) thrown at [/build/openjdk-8-fPix8r/openjdk-8-8u212-b03/src/hotspot/src/share/vm/prims/jvm.cpp, line 1502]
Event: 0.195 Thread 0x00007f4a0000b800 Exception <a 'java/security/PrivilegedActionException'> (0x00000000eb7519a8) thrown at [/build/openjdk-8-fPix8r/openjdk-8-8u212-b03/src/hotspot/src/share/vm/prims/jvm.cpp, line 1502]

Events (10 events):
Event: 3.808 Executing VM operation: ParallelGCFailedAllocation done
Event: 3.849 Executing VM operation: ParallelGCFailedAllocation
Event: 4.194 Executing VM operation: ParallelGCFailedAllocation done
Event: 4.202 Executing VM operation: EnableBiasedLocking
Event: 4.208 Executing VM operation: EnableBiasedLocking done
Event: 4.223 Executing VM operation: ParallelGCFailedAllocation
Event: 4.675 Executing VM operation: ParallelGCFailedAllocation done
Event: 4.872 Executing VM operation: ParallelGCFailedAllocation
Event: 9.675 Executing VM operation: ParallelGCFailedAllocation done
Event: 9.831 Executing VM operation: ParallelGCFailedAllocation


Dynamic libraries:
c2400000-db580000 rw-p 00000000 00:00 0 
e5b80000-eb700000 ---p 00000000 00:00 0 
eb700000-fe100000 rw-p 00000000 00:00 0 
fe100000-100000000 ---p 00000000 00:00 0 
100000000-100080000 rw-p 00000000 00:00 0 
100080000-140000000 ---p 00000000 00:00 0 
560b601e2000-560b601e3000 r-xp 00000000 fc:01 3109258                    /usr/lib/jvm/java-8-openjdk-amd64/jre/bin/java
560b603e2000-560b603e3000 r--p 00000000 fc:01 3109258                    /usr/lib/jvm/java-8-openjdk-amd64/jre/bin/java
560b603e3000-560b603e4000 rw-p 00001000 fc:01 3109258                    /usr/lib/jvm/java-8-openjdk-amd64/jre/bin/java
560b61296000-560b612b7000 rw-p 00000000 00:00 0                          [heap]
7f49c0000000-7f49c0021000 rw-p 00000000 00:00 0 
7f49c0021000-7f49c4000000 ---p 00000000 00:00 0 
7f49c8000000-7f49c8036000 rw-p 00000000 00:00 0 
7f49c8036000-7f49cc000000 ---p 00000000 00:00 0 
7f49cc000000-7f49cc021000 rw-p 00000000 00:00 0 
7f49cc021000-7f49d0000000 ---p 00000000 00:00 0 
7f49d0000000-7f49d0021000 rw-p 00000000 00:00 0 
7f49d0021000-7f49d4000000 ---p 00000000 00:00 0 
7f49d4000000-7f49d406c000 rw-p 00000000 00:00 0 
7f49d406c000-7f49d8000000 ---p 00000000 00:00 0 
7f49d8000000-7f49d8021000 rw-p 00000000 00:00 0 
7f49d8021000-7f49dc000000 ---p 00000000 00:00 0 
7f49dc000000-7f49dc021000 rw-p 00000000 00:00 0 
7f49dc021000-7f49e0000000 ---p 00000000 00:00 0 
7f49e0000000-7f49e2109000 rw-p 00000000 00:00 0 
7f49e2109000-7f49e4000000 ---p 00000000 00:00 0 
7f49e4000000-7f49e4021000 rw-p 00000000 00:00 0 
7f49e4021000-7f49e8000000 ---p 00000000 00:00 0 
7f49e8000000-7f49e9d8b000 rw-p 00000000 00:00 0 
7f49e9d8b000-7f49ec000000 ---p 00000000 00:00 0 
7f49eded7000-7f49eded9000 r--s 00001000 fc:01 3109319                    /usr/lib/jvm/java-8-openjdk-amd64/jre/lib/ext/dnsns.jar
7f49eded9000-7f49edede000 r--s 0003c000 fc:01 3109325                    /usr/lib/jvm/java-8-openjdk-amd64/jre/lib/ext/sunjce_provider.jar
7f49edede000-7f49edee8000 r--s 00116000 fc:01 3109322                    /usr/lib/jvm/java-8-openjdk-amd64/jre/lib/ext/localedata.jar
7f49edee8000-7f49edf03000 r--s 001d6000 fc:01 3109323                    /usr/lib/jvm/java-8-openjdk-amd64/jre/lib/ext/nashorn.jar
7f49edf03000-7f49edf04000 ---p 00000000 00:00 0 
7f49edf04000-7f49ee004000 rw-p 00000000 00:00 0 
7f49ee004000-7f49ee007000 ---p 00000000 00:00 0 
7f49ee007000-7f49ee105000 rw-p 00000000 00:00 0 
7f49ee105000-7f49ee106000 ---p 00000000 00:00 0 
7f49ee106000-7f49ee109000 ---p 00000000 00:00 0 
7f49ee109000-7f49ee206000 rw-p 00000000 00:00 0 
7f49ee206000-7f49ee207000 ---p 00000000 00:00 0 
7f49ee207000-7f49ee20a000 ---p 00000000 00:00 0 
7f49ee20a000-7f49ee307000 rw-p 00000000 00:00 0 
7f49ee307000-7f49ee30a000 ---p 00000000 00:00 0 
7f49ee30a000-7f49ee408000 rw-p 00000000 00:00 0 
7f49ee408000-7f49ee57b000 r--p 00000000 fc:01 7808                       /usr/lib/locale/C.UTF-8/LC_COLLATE
7f49ee57b000-7f49ee716000 r--p 00000000 fc:01 7803                       /usr/lib/locale/locale-archive
7f49ee716000-7f49ee719000 ---p 00000000 00:00 0 
7f49ee719000-7f49ee817000 rw-p 00000000 00:00 0 
7f49ee817000-7f49ee81a000 ---p 00000000 00:00 0 
7f49ee81a000-7f49ee918000 rw-p 00000000 00:00 0 
7f49ee918000-7f49ee919000 ---p 00000000 00:00 0 
7f49ee919000-7f49f1000000 rw-p 00000000 00:00 0 
7f49f1000000-7f49f1270000 rwxp 00000000 00:00 0 
7f49f1270000-7f4a00000000 ---p 00000000 00:00 0 
7f4a00000000-7f4a0012b000 rw-p 00000000 00:00 0 
7f4a0012b000-7f4a04000000 ---p 00000000 00:00 0 
7f4a04000000-7f4a04002000 r--s 00008000 fc:01 3109324                    /usr/lib/jvm/java-8-openjdk-amd64/jre/lib/ext/sunec.jar
7f4a04002000-7f4a04003000 r--s 00010000 fc:01 3109327                    /usr/lib/jvm/java-8-openjdk-amd64/jre/lib/ext/zipfs.jar
7f4a04003000-7f4a04004000 r--s 0000a000 fc:01 3109321                    /usr/lib/jvm/java-8-openjdk-amd64/jre/lib/ext/jaccess.jar
7f4a04004000-7f4a04006000 r--s 00007000 fc:01 79404                      /usr/share/java/java-atk-wrapper.jar
7f4a04006000-7f4a04021000 r--s 00394000 fc:01 3109318                    /usr/lib/jvm/java-8-openjdk-amd64/jre/lib/ext/cldrdata.jar
7f4a04021000-7f4a04024000 r--s 00039000 fc:01 3109326                    /usr/lib/jvm/java-8-openjdk-amd64/jre/lib/ext/sunpkcs11.jar
7f4a04024000-7f4a04027000 r--s 0000f000 fc:01 3109320                    /usr/lib/jvm/java-8-openjdk-amd64/jre/lib/ext/icedtea-sound.jar
7f4a04027000-7f4a04058000 r--p 00000000 fc:01 7809                       /usr/lib/locale/C.UTF-8/LC_CTYPE
7f4a04058000-7f4a04059000 r--p 00000000 fc:01 7814                       /usr/lib/locale/C.UTF-8/LC_NUMERIC
7f4a04059000-7f4a0405a000 r--p 00000000 fc:01 7817                       /usr/lib/locale/C.UTF-8/LC_TIME
7f4a0405a000-7f4a0405b000 r--p 00000000 fc:01 7812                       /usr/lib/locale/C.UTF-8/LC_MONETARY
7f4a0405b000-7f4a0405c000 r--p 00000000 fc:01 7806                       /usr/lib/locale/C.UTF-8/LC_MESSAGES/SYS_LC_MESSAGES
7f4a0405c000-7f4a0405d000 r--p 00000000 fc:01 7815                       /usr/lib/locale/C.UTF-8/LC_PAPER
7f4a0405d000-7f4a042c2000 rw-p 00000000 00:00 0 
7f4a042c2000-7f4a04491000 r--s 03c3b000 fc:01 3109347                    /usr/lib/jvm/java-8-openjdk-amd64/jre/lib/rt.jar
7f4a04491000-7f4a04947000 rw-p 00000000 00:00 0 
7f4a04947000-7f4a04d07000 ---p 00000000 00:00 0 
7f4a04d07000-7f4a04ef5000 rw-p 00000000 00:00 0 
7f4a04ef5000-7f4a04ef6000 ---p 00000000 00:00 0 
7f4a04ef6000-7f4a04ff6000 rw-p 00000000 00:00 0 
7f4a04ff6000-7f4a04ff7000 ---p 00000000 00:00 0 
7f4a04ff7000-7f4a051c0000 rw-p 00000000 00:00 0 
7f4a051c0000-7f4a05241000 ---p 00000000 00:00 0 
7f4a05241000-7f4a0530a000 rw-p 00000000 00:00 0 
7f4a0530a000-7f4a0538a000 ---p 00000000 00:00 0 
7f4a0538a000-7f4a05420000 rw-p 00000000 00:00 0 
7f4a05420000-7f4a0542f000 ---p 00000000 00:00 0 
7f4a0542f000-7f4a0543a000 rw-p 00000000 00:00 0 
7f4a0543a000-7f4a057f0000 ---p 00000000 00:00 0 
7f4a057f0000-7f4a057f8000 r-xp 00000000 fc:01 3109304                    /usr/lib/jvm/java-8-openjdk-amd64/jre/lib/amd64/libzip.so
7f4a057f8000-7f4a059f7000 ---p 00008000 fc:01 3109304                    /usr/lib/jvm/java-8-openjdk-amd64/jre/lib/amd64/libzip.so
7f4a059f7000-7f4a059f8000 r--p 00007000 fc:01 3109304                    /usr/lib/jvm/java-8-openjdk-amd64/jre/lib/amd64/libzip.so
7f4a059f8000-7f4a059f9000 rw-p 00008000 fc:01 3109304                    /usr/lib/jvm/java-8-openjdk-amd64/jre/lib/amd64/libzip.so
7f4a059f9000-7f4a05a04000 r-xp 00000000 fc:01 2095                       /lib/x86_64-linux-gnu/libnss_files-2.27.so
7f4a05a04000-7f4a05c03000 ---p 0000b000 fc:01 2095                       /lib/x86_64-linux-gnu/libnss_files-2.27.so
7f4a05c03000-7f4a05c04000 r--p 0000a000 fc:01 2095                       /lib/x86_64-linux-gnu/libnss_files-2.27.so
7f4a05c04000-7f4a05c05000 rw-p 0000b000 fc:01 2095                       /lib/x86_64-linux-gnu/libnss_files-2.27.so
7f4a05c05000-7f4a05c0b000 rw-p 00000000 00:00 0 
7f4a05c0b000-7f4a05c22000 r-xp 00000000 fc:01 2092                       /lib/x86_64-linux-gnu/libnsl-2.27.so
7f4a05c22000-7f4a05e21000 ---p 00017000 fc:01 2092                       /lib/x86_64-linux-gnu/libnsl-2.27.so
7f4a05e21000-7f4a05e22000 r--p 00016000 fc:01 2092                       /lib/x86_64-linux-gnu/libnsl-2.27.so
7f4a05e22000-7f4a05e23000 rw-p 00017000 fc:01 2092                       /lib/x86_64-linux-gnu/libnsl-2.27.so
7f4a05e23000-7f4a05e25000 rw-p 00000000 00:00 0 
7f4a05e25000-7f4a05e30000 r-xp 00000000 fc:01 2097                       /lib/x86_64-linux-gnu/libnss_nis-2.27.so
7f4a05e30000-7f4a0602f000 ---p 0000b000 fc:01 2097                       /lib/x86_64-linux-gnu/libnss_nis-2.27.so
7f4a0602f000-7f4a06030000 r--p 0000a000 fc:01 2097                       /lib/x86_64-linux-gnu/libnss_nis-2.27.so
7f4a06030000-7f4a06031000 rw-p 0000b000 fc:01 2097                       /lib/x86_64-linux-gnu/libnss_nis-2.27.so
7f4a06031000-7f4a06039000 r-xp 00000000 fc:01 2093                       /lib/x86_64-linux-gnu/libnss_compat-2.27.so
7f4a06039000-7f4a06239000 ---p 00008000 fc:01 2093                       /lib/x86_64-linux-gnu/libnss_compat-2.27.so
7f4a06239000-7f4a0623a000 r--p 00008000 fc:01 2093                       /lib/x86_64-linux-gnu/libnss_compat-2.27.so
7f4a0623a000-7f4a0623b000 rw-p 00009000 fc:01 2093                       /lib/x86_64-linux-gnu/libnss_compat-2.27.so
7f4a0623b000-7f4a06267000 r-xp 00000000 fc:01 3109285                    /usr/lib/jvm/java-8-openjdk-amd64/jre/lib/amd64/libjava.so
7f4a06267000-7f4a06466000 ---p 0002c000 fc:01 3109285                    /usr/lib/jvm/java-8-openjdk-amd64/jre/lib/amd64/libjava.so
7f4a06466000-7f4a06467000 r--p 0002b000 fc:01 3109285                    /usr/lib/jvm/java-8-openjdk-amd64/jre/lib/amd64/libjava.so
7f4a06467000-7f4a06469000 rw-p 0002c000 fc:01 3109285                    /usr/lib/jvm/java-8-openjdk-amd64/jre/lib/amd64/libjava.so
7f4a06469000-7f4a06479000 r-xp 00000000 fc:01 3109303                    /usr/lib/jvm/java-8-openjdk-amd64/jre/lib/amd64/libverify.so
7f4a06479000-7f4a06678000 ---p 00010000 fc:01 3109303                    /usr/lib/jvm/java-8-openjdk-amd64/jre/lib/amd64/libverify.so
7f4a06678000-7f4a0667a000 r--p 0000f000 fc:01 3109303                    /usr/lib/jvm/java-8-openjdk-amd64/jre/lib/amd64/libverify.so
7f4a0667a000-7f4a0667b000 rw-p 00011000 fc:01 3109303                    /usr/lib/jvm/java-8-openjdk-amd64/jre/lib/amd64/libverify.so
7f4a0667b000-7f4a06682000 r-xp 00000000 fc:01 2181                       /lib/x86_64-linux-gnu/librt-2.27.so
7f4a06682000-7f4a06881000 ---p 00007000 fc:01 2181                       /lib/x86_64-linux-gnu/librt-2.27.so
7f4a06881000-7f4a06882000 r--p 00006000 fc:01 2181                       /lib/x86_64-linux-gnu/librt-2.27.so
7f4a06882000-7f4a06883000 rw-p 00007000 fc:01 2181                       /lib/x86_64-linux-gnu/librt-2.27.so
7f4a06883000-7f4a0689a000 r-xp 00000000 fc:01 2098                       /lib/x86_64-linux-gnu/libgcc_s.so.1
7f4a0689a000-7f4a06a99000 ---p 00017000 fc:01 2098                       /lib/x86_64-linux-gnu/libgcc_s.so.1
7f4a06a99000-7f4a06a9a000 r--p 00016000 fc:01 2098                       /lib/x86_64-linux-gnu/libgcc_s.so.1
7f4a06a9a000-7f4a06a9b000 rw-p 00017000 fc:01 2098                       /lib/x86_64-linux-gnu/libgcc_s.so.1
7f4a06a9b000-7f4a06c38000 r-xp 00000000 fc:01 2089                       /lib/x86_64-linux-gnu/libm-2.27.so
7f4a06c38000-7f4a06e37000 ---p 0019d000 fc:01 2089                       /lib/x86_64-linux-gnu/libm-2.27.so
7f4a06e37000-7f4a06e38000 r--p 0019c000 fc:01 2089                       /lib/x86_64-linux-gnu/libm-2.27.so
7f4a06e38000-7f4a06e39000 rw-p 0019d000 fc:01 2089                       /lib/x86_64-linux-gnu/libm-2.27.so
7f4a06e39000-7f4a06fb2000 r-xp 00000000 fc:01 5026                       /usr/lib/x86_64-linux-gnu/libstdc++.so.6.0.25
7f4a06fb2000-7f4a071b2000 ---p 00179000 fc:01 5026                       /usr/lib/x86_64-linux-gnu/libstdc++.so.6.0.25
7f4a071b2000-7f4a071bc000 r--p 00179000 fc:01 5026                       /usr/lib/x86_64-linux-gnu/libstdc++.so.6.0.25
7f4a071bc000-7f4a071be000 rw-p 00183000 fc:01 5026                       /usr/lib/x86_64-linux-gnu/libstdc++.so.6.0.25
7f4a071be000-7f4a071c2000 rw-p 00000000 00:00 0 
7f4a071c2000-7f4a07e5f000 r-xp 00000000 fc:01 3109307                    /usr/lib/jvm/java-8-openjdk-amd64/jre/lib/amd64/server/libjvm.so
7f4a07e5f000-7f4a0805e000 ---p 00c9d000 fc:01 3109307                    /usr/lib/jvm/java-8-openjdk-amd64/jre/lib/amd64/server/libjvm.so
7f4a0805e000-7f4a080f2000 r--p 00c9c000 fc:01 3109307                    /usr/lib/jvm/java-8-openjdk-amd64/jre/lib/amd64/server/libjvm.so
7f4a080f2000-7f4a0811b000 rw-p 00d30000 fc:01 3109307                    /usr/lib/jvm/java-8-openjdk-amd64/jre/lib/amd64/server/libjvm.so
7f4a0811b000-7f4a0814b000 rw-p 00000000 00:00 0 
7f4a0814b000-7f4a08165000 r-xp 00000000 fc:01 2179                       /lib/x86_64-linux-gnu/libpthread-2.27.so
7f4a08165000-7f4a08364000 ---p 0001a000 fc:01 2179                       /lib/x86_64-linux-gnu/libpthread-2.27.so
7f4a08364000-7f4a08365000 r--p 00019000 fc:01 2179                       /lib/x86_64-linux-gnu/libpthread-2.27.so
7f4a08365000-7f4a08366000 rw-p 0001a000 fc:01 2179                       /lib/x86_64-linux-gnu/libpthread-2.27.so
7f4a08366000-7f4a0836a000 rw-p 00000000 00:00 0 
7f4a0836a000-7f4a0836d000 r-xp 00000000 fc:01 2088                       /lib/x86_64-linux-gnu/libdl-2.27.so
7f4a0836d000-7f4a0856c000 ---p 00003000 fc:01 2088                       /lib/x86_64-linux-gnu/libdl-2.27.so
7f4a0856c000-7f4a0856d000 r--p 00002000 fc:01 2088                       /lib/x86_64-linux-gnu/libdl-2.27.so
7f4a0856d000-7f4a0856e000 rw-p 00003000 fc:01 2088                       /lib/x86_64-linux-gnu/libdl-2.27.so
7f4a0856e000-7f4a0858a000 r-xp 00000000 fc:01 2184                       /lib/x86_64-linux-gnu/libz.so.1.2.11
7f4a0858a000-7f4a08789000 ---p 0001c000 fc:01 2184                       /lib/x86_64-linux-gnu/libz.so.1.2.11
7f4a08789000-7f4a0878a000 r--p 0001b000 fc:01 2184                       /lib/x86_64-linux-gnu/libz.so.1.2.11
7f4a0878a000-7f4a0878b000 rw-p 0001c000 fc:01 2184                       /lib/x86_64-linux-gnu/libz.so.1.2.11
7f4a0878b000-7f4a08972000 r-xp 00000000 fc:01 2085                       /lib/x86_64-linux-gnu/libc-2.27.so
7f4a08972000-7f4a08b72000 ---p 001e7000 fc:01 2085                       /lib/x86_64-linux-gnu/libc-2.27.so
7f4a08b72000-7f4a08b76000 r--p 001e7000 fc:01 2085                       /lib/x86_64-linux-gnu/libc-2.27.so
7f4a08b76000-7f4a08b78000 rw-p 001eb000 fc:01 2085                       /lib/x86_64-linux-gnu/libc-2.27.so
7f4a08b78000-7f4a08b7c000 rw-p 00000000 00:00 0 
7f4a08b7c000-7f4a08b8a000 r-xp 00000000 fc:01 3109271                    /usr/lib/jvm/java-8-openjdk-amd64/jre/lib/amd64/jli/libjli.so
7f4a08b8a000-7f4a08d89000 ---p 0000e000 fc:01 3109271                    /usr/lib/jvm/java-8-openjdk-amd64/jre/lib/amd64/jli/libjli.so
7f4a08d89000-7f4a08d8a000 r--p 0000d000 fc:01 3109271                    /usr/lib/jvm/java-8-openjdk-amd64/jre/lib/amd64/jli/libjli.so
7f4a08d8a000-7f4a08d8b000 rw-p 0000e000 fc:01 3109271                    /usr/lib/jvm/java-8-openjdk-amd64/jre/lib/amd64/jli/libjli.so
7f4a08d8b000-7f4a08db2000 r-xp 00000000 fc:01 2081                       /lib/x86_64-linux-gnu/ld-2.27.so
7f4a08db2000-7f4a08db3000 r--p 00000000 fc:01 7813                       /usr/lib/locale/C.UTF-8/LC_NAME
7f4a08db3000-7f4a08db4000 r--p 00000000 fc:01 7807                       /usr/lib/locale/C.UTF-8/LC_ADDRESS
7f4a08db4000-7f4a08e99000 rw-p 00000000 00:00 0 
7f4a08e99000-7f4a08e9a000 ---p 00000000 00:00 0 
7f4a08e9a000-7f4a08e9d000 ---p 00000000 00:00 0 
7f4a08e9d000-7f4a08f9c000 rw-p 00000000 00:00 0 
7f4a08f9c000-7f4a08f9d000 r--p 00000000 fc:01 7816                       /usr/lib/locale/C.UTF-8/LC_TELEPHONE
7f4a08f9d000-7f4a08f9e000 r--p 00000000 fc:01 7811                       /usr/lib/locale/C.UTF-8/LC_MEASUREMENT
7f4a08f9e000-7f4a08fa5000 r--s 00000000 fc:01 5019                       /usr/lib/x86_64-linux-gnu/gconv/gconv-modules.cache
7f4a08fa5000-7f4a08fa6000 r--p 00000000 fc:01 7810                       /usr/lib/locale/C.UTF-8/LC_IDENTIFICATION
7f4a08fa6000-7f4a08fae000 rw-s 00000000 fc:01 1044386                    /tmp/hsperfdata_root/6144
7f4a08fae000-7f4a08faf000 rw-p 00000000 00:00 0 
7f4a08faf000-7f4a08fb0000 ---p 00000000 00:00 0 
7f4a08fb0000-7f4a08fb2000 rw-p 00000000 00:00 0 
7f4a08fb2000-7f4a08fb3000 r--p 00027000 fc:01 2081                       /lib/x86_64-linux-gnu/ld-2.27.so
7f4a08fb3000-7f4a08fb4000 rw-p 00028000 fc:01 2081                       /lib/x86_64-linux-gnu/ld-2.27.so
7f4a08fb4000-7f4a08fb5000 rw-p 00000000 00:00 0 
7ffc5b874000-7ffc5b895000 rw-p 00000000 00:00 0                          [stack]
7ffc5b98d000-7ffc5b990000 r--p 00000000 00:00 0                          [vvar]
7ffc5b990000-7ffc5b992000 r-xp 00000000 00:00 0                          [vdso]
ffffffffff600000-ffffffffff601000 r-xp 00000000 00:00 0                  [vsyscall]

VM Arguments:
jvm_args: -Dfile.encoding=UTF-8 
java_command: com.visa.training.stack.CollectionsDemo
java_class_path (initial): /root/eclipse-workspace/MyProject/bin
Launcher Type: SUN_STANDARD

Environment Variables:
PATH=/usr/local/sbin:/usr/local/bin:/usr/sbin:/usr/bin:/sbin:/bin
SHELL=/bin/sh
DISPLAY=:20.0

Signal Handlers:
SIGSEGV: [libjvm.so+0xab5000], sa_mask[0]=11111111011111111101111111111110, sa_flags=SA_RESTART|SA_SIGINFO
SIGBUS: [libjvm.so+0xab5000], sa_mask[0]=11111111011111111101111111111110, sa_flags=SA_RESTART|SA_SIGINFO
SIGFPE: [libjvm.so+0x8ea970], sa_mask[0]=11111111011111111101111111111110, sa_flags=SA_RESTART|SA_SIGINFO
SIGPIPE: [libjvm.so+0x8ea970], sa_mask[0]=11111111011111111101111111111110, sa_flags=SA_RESTART|SA_SIGINFO
SIGXFSZ: [libjvm.so+0x8ea970], sa_mask[0]=11111111011111111101111111111110, sa_flags=SA_RESTART|SA_SIGINFO
SIGILL: [libjvm.so+0x8ea970], sa_mask[0]=11111111011111111101111111111110, sa_flags=SA_RESTART|SA_SIGINFO
SIGUSR1: SIG_DFL, sa_mask[0]=00000000000000000000000000000000, sa_flags=none
SIGUSR2: [libjvm.so+0x8ea820], sa_mask[0]=00100000000000000000000000000000, sa_flags=SA_RESTART|SA_SIGINFO
SIGHUP: [libjvm.so+0x8eae90], sa_mask[0]=11111111011111111101111111111110, sa_flags=SA_RESTART|SA_SIGINFO
SIGINT: [libjvm.so+0x8eae90], sa_mask[0]=11111111011111111101111111111110, sa_flags=SA_RESTART|SA_SIGINFO
SIGTERM: [libjvm.so+0x8eae90], sa_mask[0]=11111111011111111101111111111110, sa_flags=SA_RESTART|SA_SIGINFO
SIGQUIT: [libjvm.so+0x8eae90], sa_mask[0]=11111111011111111101111111111110, sa_flags=SA_RESTART|SA_SIGINFO


---------------  S Y S T E M  ---------------

OS:DISTRIB_ID=Ubuntu
DISTRIB_RELEASE=18.04
DISTRIB_CODENAME=bionic
DISTRIB_DESCRIPTION="Ubuntu 18.04.2 LTS"

uname:Linux 4.15.0-52-generic #56-Ubuntu SMP Tue Jun 4 22:49:08 UTC 2019 x86_64
libc:glibc 2.27 NPTL 2.27 
rlimit: STACK 8192k, CORE 0k, NPROC 15680, NOFILE 4096, AS infinity
load average:1.73 0.67 0.37

/proc/meminfo:
MemTotal:        4039568 kB
MemFree:          100424 kB
MemAvailable:      20192 kB
Buffers:            1344 kB
Cached:            47316 kB
SwapCached:            0 kB
Active:          3755020 kB
Inactive:          24576 kB
Active(anon):    3732076 kB
Inactive(anon):     7200 kB
Active(file):      22944 kB
Inactive(file):    17376 kB
Unevictable:          32 kB
Mlocked:              32 kB
SwapTotal:             0 kB
SwapFree:              0 kB
Dirty:                88 kB
Writeback:             0 kB
AnonPages:       3731200 kB
Mapped:            44128 kB
Shmem:              8120 kB
Slab:              90484 kB
SReclaimable:      36536 kB
SUnreclaim:        53948 kB
KernelStack:        7424 kB
PageTables:        31048 kB
NFS_Unstable:          0 kB
Bounce:                0 kB
WritebackTmp:          0 kB
CommitLimit:     2019784 kB
Committed_AS:    6476884 kB
VmallocTotal:   34359738367 kB
VmallocUsed:           0 kB
VmallocChunk:          0 kB
HardwareCorrupted:     0 kB
AnonHugePages:         0 kB
ShmemHugePages:        0 kB
ShmemPmdMapped:        0 kB
CmaTotal:              0 kB
CmaFree:               0 kB
HugePages_Total:       0
HugePages_Free:        0
HugePages_Rsvd:        0
HugePages_Surp:        0
Hugepagesize:       2048 kB
DirectMap4k:      172012 kB
DirectMap2M:     4022272 kB
DirectMap1G:           0 kB

container (cgroup) information:
container_type: cgroupv1
cpu_cpuset_cpus: 0-1
cpu_memory_nodes: 0
active_processor_count: 2
cpu_quota: -1
cpu_period: 100000
cpu_shares: -1
memory_limit_in_bytes: -1
memory_and_swap_limit_in_bytes: -2
memory_soft_limit_in_bytes: -1
memory_usage_in_bytes: 3555405824
memory_max_usage_in_bytes: 3555520512


CPU:total 2 (initial active 2) (1 cores per cpu, 1 threads per core) family 6 model 85 stepping 4, cmov, cx8, fxsr, mmx, sse, sse2, sse3, ssse3, sse4.1, sse4.2, popcnt, avx, avx2, aes, clmul, erms, rtm, 3dnowpref, lzcnt, tsc, bmi1, bmi2, adx

/proc/cpuinfo:
processor	: 0
vendor_id	: GenuineIntel
cpu family	: 6
model		: 85
model name	: Intel(R) Xeon(R) Gold 6140 CPU @ 2.30GHz
stepping	: 4
microcode	: 0x1
cpu MHz		: 2294.608
cache size	: 25344 KB
physical id	: 0
siblings	: 1
core id		: 0
cpu cores	: 1
apicid		: 0
initial apicid	: 0
fpu		: yes
fpu_exception	: yes
cpuid level	: 13
wp		: yes
flags		: fpu vme de pse tsc msr pae mce cx8 apic sep mtrr pge mca cmov pat pse36 clflush mmx fxsr sse sse2 ss syscall nx pdpe1gb rdtscp lm constant_tsc arch_perfmon rep_good nopl cpuid tsc_known_freq pni pclmulqdq vmx ssse3 fma cx16 pcid sse4_1 sse4_2 x2apic movbe popcnt tsc_deadline_timer aes xsave avx f16c rdrand hypervisor lahf_lm abm 3dnowprefetch cpuid_fault invpcid_single pti ssbd ibrs ibpb tpr_shadow vnmi flexpriority ept vpid fsgsbase tsc_adjust bmi1 hle avx2 smep bmi2 erms invpcid rtm mpx avx512f avx512dq rdseed adx smap clflushopt clwb avx512cd avx512bw avx512vl xsaveopt xsavec xgetbv1 xsaves pku ospke md_clear
bugs		: cpu_meltdown spectre_v1 spectre_v2 spec_store_bypass l1tf mds
bogomips	: 4589.21
clflush size	: 64
cache_alignment	: 64
address sizes	: 40 bits physical, 48 bits virtual
power management:

processor	: 1
vendor_id	: GenuineIntel
cpu family	: 6
model		: 85
model name	: Intel(R) Xeon(R) Gold 6140 CPU @ 2.30GHz
stepping	: 4
microcode	: 0x1
cpu MHz		: 2294.608
cache size	: 25344 KB
physical id	: 1
siblings	: 1
core id		: 0
cpu cores	: 1
apicid		: 1
initial apicid	: 1
fpu		: yes
fpu_exception	: yes
cpuid level	: 13
wp		: yes
flags		: fpu vme de pse tsc msr pae mce cx8 apic sep mtrr pge mca cmov pat pse36 clflush mmx fxsr sse sse2 ss syscall nx pdpe1gb rdtscp lm constant_tsc arch_perfmon rep_good nopl cpuid tsc_known_freq pni pclmulqdq vmx ssse3 fma cx16 pcid sse4_1 sse4_2 x2apic movbe popcnt tsc_deadline_timer aes xsave avx f16c rdrand hypervisor lahf_lm abm 3dnowprefetch cpuid_fault invpcid_single pti ssbd ibrs ibpb tpr_shadow vnmi flexpriority ept vpid fsgsbase tsc_adjust bmi1 hle avx2 smep bmi2 erms invpcid rtm mpx avx512f avx512dq rdseed adx smap clflushopt clwb avx512cd avx512bw avx512vl xsaveopt xsavec xgetbv1 xsaves pku ospke md_clear
bugs		: cpu_meltdown spectre_v1 spectre_v2 spec_store_bypass l1tf mds
bogomips	: 4589.21
clflush size	: 64
cache_alignment	: 64
address sizes	: 40 bits physical, 48 bits virtual
power management:



Memory: 4k page, physical 4039568k(100424k free), swap 0k(0k free)

vm_info: OpenJDK 64-Bit Server VM (25.212-b03) for linux-amd64 JRE (1.8.0_212-8u212-b03-0ubuntu1.18.04.1-b03), built on Apr 26 2019 01:04:36 by "buildd" with gcc 7.3.0

time: Thu Jul 11 04:20:51 2019
timezone: UTC
elapsed time: 15 seconds (0d 0h 0m 15s)

